# JRE version: OpenJDK Runtime Environment (17.0.6) (build 17.0.6+0-b2043.56-10027231)
# Java VM: OpenJDK 64-Bit Server VM (17.0.6+0-b2043.56-10027231, mixed mode, tiered, compressed oops, compressed class ptrs, g1 gc, windows-amd64)
GC Precious Log:
 CPUs: 16 total, 16 available
 Memory: 32637M
 Large Page Support: Disabled
 NUMA Support: Disabled
 Compressed Oops: Enabled (32-bit)
 Heap Region Size: 1M
 Heap Min Capacity: 8M
 Heap Initial Capacity: 510M
 Heap Max Capacity: 1G
 Pre-touch: Disabled
 Parallel Workers: 13
 Concurrent Workers: 3
 Concurrent Refinement Workers: 13
 Periodic GC: Disabled
Heap:
 garbage-first heap   total 304128K, used 200523K [0x00000000c0000000, 0x0000000100000000)
  region size 1024K, 144 young (147456K), 2 survivors (2048K)
 Metaspace       used 82258K, committed 82816K, reserved 1122304K
  class space    used 10983K, committed 11264K, reserved 1048576K
GC Heap History (20 events):
Event: 3.671 GC heap before
{Heap before GC invocations=14 (full 0):
 garbage-first heap   total 68608K, used 52903K [0x00000000c0000000, 0x0000000100000000)
  region size 1024K, 21 young (21504K), 2 survivors (2048K)
 Metaspace       used 52938K, committed 53376K, reserved 1097728K
  class space    used 7042K, committed 7232K, reserved 1048576K
}
Event: 3.672 GC heap after
{Heap after GC invocations=15 (full 0):
 garbage-first heap   total 68608K, used 35350K [0x00000000c0000000, 0x0000000100000000)
  region size 1024K, 3 young (3072K), 3 survivors (3072K)
 Metaspace       used 52938K, committed 53376K, reserved 1097728K
  class space    used 7042K, committed 7232K, reserved 1048576K
}
Event: 3.930 GC heap before
{Heap before GC invocations=16 (full 0):
 garbage-first heap   total 68608K, used 52758K [0x00000000c0000000, 0x0000000100000000)
  region size 1024K, 21 young (21504K), 3 survivors (3072K)
 Metaspace       used 57435K, committed 57920K, reserved 1105920K
  class space    used 7601K, committed 7808K, reserved 1048576K
}
Event: 3.933 GC heap after
{Heap after GC invocations=17 (full 0):
 garbage-first heap   total 68608K, used 37524K [0x00000000c0000000, 0x0000000100000000)
  region size 1024K, 3 young (3072K), 3 survivors (3072K)
 Metaspace       used 57435K, committed 57920K, reserved 1105920K
  class space    used 7601K, committed 7808K, reserved 1048576K
}
Event: 3.959 GC heap before
{Heap before GC invocations=17 (full 0):
 garbage-first heap   total 68608K, used 37524K [0x00000000c0000000, 0x0000000100000000)
  region size 1024K, 4 young (4096K), 3 survivors (3072K)
 Metaspace       used 58205K, committed 58688K, reserved 1105920K
  class space    used 7729K, committed 7936K, reserved 1048576K
}
Event: 3.961 GC heap after
{Heap after GC invocations=18 (full 0):
 garbage-first heap   total 68608K, used 37780K [0x00000000c0000000, 0x0000000100000000)
  region size 1024K, 1 young (1024K), 1 survivors (1024K)
 Metaspace       used 58205K, committed 58688K, reserved 1105920K
  class space    used 7729K, committed 7936K, reserved 1048576K
}
Event: 4.243 GC heap before
{Heap before GC invocations=18 (full 0):
 garbage-first heap   total 68608K, used 53140K [0x00000000c0000000, 0x0000000100000000)
  region size 1024K, 17 young (17408K), 1 survivors (1024K)
 Metaspace       used 59903K, committed 60352K, reserved 1105920K
  class space    used 7922K, committed 8128K, reserved 1048576K
}
Event: 4.244 GC heap after
{Heap after GC invocations=19 (full 0):
 garbage-first heap   total 68608K, used 39239K [0x00000000c0000000, 0x0000000100000000)
  region size 1024K, 2 young (2048K), 2 survivors (2048K)
 Metaspace       used 59903K, committed 60352K, reserved 1105920K
  class space    used 7922K, committed 8128K, reserved 1048576K
}
Event: 4.348 GC heap before
{Heap before GC invocations=20 (full 0):
 garbage-first heap   total 71680K, used 47431K [0x00000000c0000000, 0x0000000100000000)
  region size 1024K, 12 young (12288K), 2 survivors (2048K)
 Metaspace       used 60273K, committed 60800K, reserved 1105920K
  class space    used 7967K, committed 8192K, reserved 1048576K
}
Event: 4.349 GC heap after
{Heap after GC invocations=21 (full 0):
 garbage-first heap   total 71680K, used 40081K [0x00000000c0000000, 0x0000000100000000)
  region size 1024K, 1 young (1024K), 1 survivors (1024K)
 Metaspace       used 60273K, committed 60800K, reserved 1105920K
  class space    used 7967K, committed 8192K, reserved 1048576K
}
Event: 4.573 GC heap before
{Heap before GC invocations=22 (full 0):
 garbage-first heap   total 71680K, used 60561K [0x00000000c0000000, 0x0000000100000000)
  region size 1024K, 18 young (18432K), 1 survivors (1024K)
 Metaspace       used 61712K, committed 62208K, reserved 1105920K
  class space    used 8148K, committed 8384K, reserved 1048576K
}
Event: 4.575 GC heap after
{Heap after GC invocations=23 (full 0):
 garbage-first heap   total 71680K, used 48471K [0x00000000c0000000, 0x0000000100000000)
  region size 1024K, 3 young (3072K), 3 survivors (3072K)
 Metaspace       used 61712K, committed 62208K, reserved 1105920K
  class space    used 8148K, committed 8384K, reserved 1048576K
}
Event: 4.586 GC heap before
{Heap before GC invocations=23 (full 0):
 garbage-first heap   total 71680K, used 49495K [0x00000000c0000000, 0x0000000100000000)
  region size 1024K, 4 young (4096K), 3 survivors (3072K)
 Metaspace       used 61865K, committed 62336K, reserved 1105920K
  class space    used 8170K, committed 8384K, reserved 1048576K
}
Event: 4.588 GC heap after
{Heap after GC invocations=24 (full 0):
 garbage-first heap   total 71680K, used 48162K [0x00000000c0000000, 0x0000000100000000)
  region size 1024K, 1 young (1024K), 1 survivors (1024K)
 Metaspace       used 61865K, committed 62336K, reserved 1105920K
  class space    used 8170K, committed 8384K, reserved 1048576K
}
Event: 4.676 GC heap before
{Heap before GC invocations=24 (full 0):
 garbage-first heap   total 71680K, used 57378K [0x00000000c0000000, 0x0000000100000000)
  region size 1024K, 11 young (11264K), 1 survivors (1024K)
 Metaspace       used 63225K, committed 63680K, reserved 1105920K
  class space    used 8376K, committed 8576K, reserved 1048576K
}
Event: 4.678 GC heap after
{Heap after GC invocations=25 (full 0):
 garbage-first heap   total 71680K, used 48414K [0x00000000c0000000, 0x0000000100000000)
  region size 1024K, 1 young (1024K), 1 survivors (1024K)
 Metaspace       used 63225K, committed 63680K, reserved 1105920K
  class space    used 8376K, committed 8576K, reserved 1048576K
}
Event: 4.815 GC heap before
{Heap before GC invocations=26 (full 0):
 garbage-first heap   total 86016K, used 58654K [0x00000000c0000000, 0x0000000100000000)
  region size 1024K, 12 young (12288K), 1 survivors (1024K)
 Metaspace       used 65032K, committed 65472K, reserved 1105920K
  class space    used 8570K, committed 8768K, reserved 1048576K
}
Event: 4.817 GC heap after
{Heap after GC invocations=27 (full 0):
 garbage-first heap   total 304128K, used 48843K [0x00000000c0000000, 0x0000000100000000)
  region size 1024K, 1 young (1024K), 1 survivors (1024K)
 Metaspace       used 65032K, committed 65472K, reserved 1105920K
  class space    used 8570K, committed 8768K, reserved 1048576K
}
Event: 5.021 GC heap before
{Heap before GC invocations=27 (full 0):
 garbage-first heap   total 304128K, used 62155K [0x00000000c0000000, 0x0000000100000000)
  region size 1024K, 14 young (14336K), 1 survivors (1024K)
 Metaspace       used 67027K, committed 67584K, reserved 1114112K
  class space    used 8832K, committed 9088K, reserved 1048576K
}
Event: 5.023 GC heap after
{Heap after GC invocations=28 (full 0):
 garbage-first heap   total 304128K, used 48971K [0x00000000c0000000, 0x0000000100000000)
  region size 1024K, 2 young (2048K), 2 survivors (2048K)
 Metaspace       used 67027K, committed 67584K, reserved 1114112K
  class space    used 8832K, committed 9088K, reserved 1048576K
}

