# JRE version: OpenJDK Runtime Environment (17.0.6) (build 17.0.6+0-b2043.56-10027231)
# Java VM: OpenJDK 64-Bit Server VM (17.0.6+0-b2043.56-10027231, mixed mode, tiered, compressed oops, compressed class ptrs, g1 gc, windows-amd64)
GC Precious Log:
 CPUs: 16 total, 16 available
 Memory: 32637M
 Large Page Support: Disabled
 NUMA Support: Disabled
 Compressed Oops: Enabled (32-bit)
 Heap Region Size: 1M
 Heap Min Capacity: 8M
 Heap Initial Capacity: 510M
 Heap Max Capacity: 1G
 Pre-touch: Disabled
 Parallel Workers: 13
 Concurrent Workers: 3
 Concurrent Refinement Workers: 13
 Periodic GC: Disabled
Heap:
 garbage-first heap   total 322560K, used 147271K [0x00000000c0000000, 0x0000000100000000)
  region size 1024K, 14 young (14336K), 2 survivors (2048K)
 Metaspace       used 141051K, committed 141888K, reserved 1171456K
  class space    used 19867K, committed 20288K, reserved 1048576K
GC Heap History (20 events):
Event: 13.586 GC heap before
{Heap before GC invocations=44 (full 0):
 garbage-first heap   total 240640K, used 200393K [0x00000000c0000000, 0x0000000100000000)
  region size 1024K, 48 young (49152K), 6 survivors (6144K)
 Metaspace       used 131777K, committed 132672K, reserved 1163264K
  class space    used 18417K, committed 18816K, reserved 1048576K
}
Event: 13.589 GC heap after
{Heap after GC invocations=45 (full 0):
 garbage-first heap   total 240640K, used 158187K [0x00000000c0000000, 0x0000000100000000)
  region size 1024K, 4 young (4096K), 4 survivors (4096K)
 Metaspace       used 131777K, committed 132672K, reserved 1163264K
  class space    used 18417K, committed 18816K, reserved 1048576K
}
Event: 13.667 GC heap before
{Heap before GC invocations=45 (full 0):
 garbage-first heap   total 240640K, used 202219K [0x00000000c0000000, 0x0000000100000000)
  region size 1024K, 48 young (49152K), 4 survivors (4096K)
 Metaspace       used 133469K, committed 134400K, reserved 1171456K
  class space    used 18750K, committed 19200K, reserved 1048576K
}
Event: 13.669 GC heap after
{Heap after GC invocations=46 (full 0):
 garbage-first heap   total 240640K, used 158452K [0x00000000c0000000, 0x0000000100000000)
  region size 1024K, 4 young (4096K), 4 survivors (4096K)
 Metaspace       used 133469K, committed 134400K, reserved 1171456K
  class space    used 18750K, committed 19200K, reserved 1048576K
}
Event: 13.748 GC heap before
{Heap before GC invocations=46 (full 0):
 garbage-first heap   total 240640K, used 202484K [0x00000000c0000000, 0x0000000100000000)
  region size 1024K, 48 young (49152K), 4 survivors (4096K)
 Metaspace       used 134922K, committed 135808K, reserved 1171456K
  class space    used 19021K, committed 19456K, reserved 1048576K
}
Event: 13.751 GC heap after
{Heap after GC invocations=47 (full 0):
 garbage-first heap   total 240640K, used 164595K [0x00000000c0000000, 0x0000000100000000)
  region size 1024K, 6 young (6144K), 6 survivors (6144K)
 Metaspace       used 134922K, committed 135808K, reserved 1171456K
  class space    used 19021K, committed 19456K, reserved 1048576K
}
Event: 13.826 GC heap before
{Heap before GC invocations=47 (full 0):
 garbage-first heap   total 240640K, used 202483K [0x00000000c0000000, 0x0000000100000000)
  region size 1024K, 44 young (45056K), 6 survivors (6144K)
 Metaspace       used 136058K, committed 136960K, reserved 1171456K
  class space    used 19309K, committed 19776K, reserved 1048576K
}
Event: 13.829 GC heap after
{Heap after GC invocations=48 (full 0):
 garbage-first heap   total 240640K, used 165412K [0x00000000c0000000, 0x0000000100000000)
  region size 1024K, 3 young (3072K), 3 survivors (3072K)
 Metaspace       used 136058K, committed 136960K, reserved 1171456K
  class space    used 19309K, committed 19776K, reserved 1048576K
}
Event: 14.090 GC heap before
{Heap before GC invocations=48 (full 0):
 garbage-first heap   total 240640K, used 201252K [0x00000000c0000000, 0x0000000100000000)
  region size 1024K, 39 young (39936K), 3 survivors (3072K)
 Metaspace       used 137507K, committed 138432K, reserved 1171456K
  class space    used 19420K, committed 19840K, reserved 1048576K
}
Event: 14.092 GC heap after
{Heap after GC invocations=49 (full 0):
 garbage-first heap   total 240640K, used 165237K [0x00000000c0000000, 0x0000000100000000)
  region size 1024K, 4 young (4096K), 4 survivors (4096K)
 Metaspace       used 137507K, committed 138432K, reserved 1171456K
  class space    used 19420K, committed 19840K, reserved 1048576K
}
Event: 14.179 GC heap before
{Heap before GC invocations=49 (full 0):
 garbage-first heap   total 240640K, used 201077K [0x00000000c0000000, 0x0000000100000000)
  region size 1024K, 40 young (40960K), 4 survivors (4096K)
 Metaspace       used 138206K, committed 139136K, reserved 1171456K
  class space    used 19519K, committed 19968K, reserved 1048576K
}
Event: 14.183 GC heap after
{Heap after GC invocations=50 (full 0):
 garbage-first heap   total 240640K, used 171706K [0x00000000c0000000, 0x0000000100000000)
  region size 1024K, 5 young (5120K), 5 survivors (5120K)
 Metaspace       used 138206K, committed 139136K, reserved 1171456K
  class space    used 19519K, committed 19968K, reserved 1048576K
}
Event: 14.432 GC heap before
{Heap before GC invocations=50 (full 0):
 garbage-first heap   total 240640K, used 193210K [0x00000000c0000000, 0x0000000100000000)
  region size 1024K, 25 young (25600K), 5 survivors (5120K)
 Metaspace       used 139811K, committed 140736K, reserved 1171456K
  class space    used 19711K, committed 20160K, reserved 1048576K
}
Event: 14.434 GC heap after
{Heap after GC invocations=51 (full 0):
 garbage-first heap   total 240640K, used 170753K [0x00000000c0000000, 0x0000000100000000)
  region size 1024K, 2 young (2048K), 2 survivors (2048K)
 Metaspace       used 139811K, committed 140736K, reserved 1171456K
  class space    used 19711K, committed 20160K, reserved 1048576K
}
Event: 14.435 GC heap before
{Heap before GC invocations=51 (full 0):
 garbage-first heap   total 240640K, used 180993K [0x00000000c0000000, 0x0000000100000000)
  region size 1024K, 3 young (3072K), 2 survivors (2048K)
 Metaspace       used 139811K, committed 140736K, reserved 1171456K
  class space    used 19711K, committed 20160K, reserved 1048576K
}
Event: 14.436 GC heap after
{Heap after GC invocations=52 (full 0):
 garbage-first heap   total 240640K, used 180838K [0x00000000c0000000, 0x0000000100000000)
  region size 1024K, 2 young (2048K), 2 survivors (2048K)
 Metaspace       used 139811K, committed 140736K, reserved 1171456K
  class space    used 19711K, committed 20160K, reserved 1048576K
}
Event: 103.156 GC heap before
{Heap before GC invocations=53 (full 0):
 garbage-first heap   total 322560K, used 257638K [0x00000000c0000000, 0x0000000100000000)
  region size 1024K, 26 young (26624K), 2 survivors (2048K)
 Metaspace       used 140830K, committed 141696K, reserved 1171456K
  class space    used 19855K, committed 20288K, reserved 1048576K
}
Event: 103.157 GC heap after
{Heap after GC invocations=54 (full 0):
 garbage-first heap   total 322560K, used 167655K [0x00000000c0000000, 0x0000000100000000)
  region size 1024K, 2 young (2048K), 2 survivors (2048K)
 Metaspace       used 140830K, committed 141696K, reserved 1171456K
  class space    used 19855K, committed 20288K, reserved 1048576K
}
Event: 103.251 GC heap before
{Heap before GC invocations=54 (full 0):
 garbage-first heap   total 322560K, used 180967K [0x00000000c0000000, 0x0000000100000000)
  region size 1024K, 15 young (15360K), 2 survivors (2048K)
 Metaspace       used 140933K, committed 141824K, reserved 1171456K
  class space    used 19859K, committed 20288K, reserved 1048576K
}
Event: 103.254 GC heap after
{Heap after GC invocations=55 (full 0):
 garbage-first heap   total 322560K, used 137031K [0x00000000c0000000, 0x0000000100000000)
  region size 1024K, 2 young (2048K), 2 survivors (2048K)
 Metaspace       used 140933K, committed 141824K, reserved 1171456K
  class space    used 19859K, committed 20288K, reserved 1048576K
}

